<?xml version="1.0" encoding="UTF-8"?>
<!-- Generated by org.testng.reporters.JUnitXMLReporter -->
<testsuite hostname="INLN56593756A" ignored="4" name="Test" tests="8" failures="1" timestamp="27 Dec 2019 08:04:00 GMT" time="1860.609" errors="0">
  <testcase name="SDSEnterprisePluginFlow" time="499.604" classname="EdgeServices.SDSEnterprisePlugin"/>
  <testcase name="CreateDevicewithgatewayID" time="8.429" classname="EdgeServices.E2E_Cockpit_EdgeService_TestCase"/>
  <testcase name="CreateEBFConfiguration" time="138.424" classname="EdgeServices.EBFConfigCreation_AddingCustomPropertiestoGW_EBFDeployedtoGW"/>
  <testcase name="ProjectCreation" time="516.002" classname="EdgeServices.E2E_Cockpit_EdgeService_TestCase"/>
  <testcase name="CreateUserTypeCustomPropertiesandDeleting" time="73.401" classname="EdgeServices.EBFConfigCreation_AddingCustomPropertiestoGW_EBFDeployedtoGW"/>
  <testcase name="ProjectPublishandDeploymentConfig" time="308.398" classname="EdgeServices.E2E_Cockpit_EdgeService_TestCase"/>
  <testcase name="AddingCustomPropertiestoGatewayandDeployEBFConfiguration" time="151.983" classname="EdgeServices.EBFConfigCreation_AddingCustomPropertiestoGW_EBFDeployedtoGW">
    <failure type="org.openqa.selenium.ElementClickInterceptedException" message="element click intercepted: Element &amp;lt;div id=&amp;quot;ps_gateway_config_tab-text&amp;quot; dir=&amp;quot;ltr&amp;quot; class=&amp;quot;sapMITBText&amp;quot;&amp;gt;...&amp;lt;/div&amp;gt; is not clickable at point (679, 209). Other element would receive the click: &amp;lt;div id=&amp;quot;__mbox1-header-BarPH&amp;quot; class=&amp;quot;sapMBarPH sapMBarContainer&amp;quot; style=&amp;quot;width: 100%;&amp;quot;&amp;gt;...&amp;lt;/div&amp;gt;
  (Session info: chrome=79.0.3945.88)
Build info: version: &amp;apos;3.141.59&amp;apos;, revision: &amp;apos;e82be7d358&amp;apos;, time: &amp;apos;2018-11-14T08:17:03&amp;apos;
System info: host: &amp;apos;INLN56593756A&amp;apos;, ip: &amp;apos;10.136.230.13&amp;apos;, os.name: &amp;apos;Windows 10&amp;apos;, os.arch: &amp;apos;amd64&amp;apos;, os.version: &amp;apos;10.0&amp;apos;, java.version: &amp;apos;1.8.0_231&amp;apos;
Driver info: org.openqa.selenium.chrome.ChromeDriver
Capabilities {acceptInsecureCerts: false, browserName: chrome, browserVersion: 79.0.3945.88, chrome: {chromedriverVersion: 78.0.3904.70 (edb9c9f3de024..., userDataDir: C:\Users\c5282967\AppData\L...}, goog:chromeOptions: {debuggerAddress: localhost:62342}, javascriptEnabled: true, networkConnectionEnabled: false, pageLoadStrategy: normal, platform: XP, platformName: XP, proxy: Proxy(), setWindowRect: true, strictFileInteractability: false, timeouts: {implicit: 0, pageLoad: 300000, script: 30000}, unhandledPromptBehavior: dismiss and notify}
Session ID: 3798a5b2c4e6a16e4fe5cb759f04d30c">
      <![CDATA[org.openqa.selenium.ElementClickInterceptedException: element click intercepted: Element <div id="ps_gateway_config_tab-text" dir="ltr" class="sapMITBText">...</div> is not clickable at point (679, 209). Other element would receive the click: <div id="__mbox1-header-BarPH" class="sapMBarPH sapMBarContainer" style="width: 100%;">...</div>
  (Session info: chrome=79.0.3945.88)
Build info: version: '3.141.59', revision: 'e82be7d358', time: '2018-11-14T08:17:03'
System info: host: 'INLN56593756A', ip: '10.136.230.13', os.name: 'Windows 10', os.arch: 'amd64', os.version: '10.0', java.version: '1.8.0_231'
Driver info: org.openqa.selenium.chrome.ChromeDriver
Capabilities {acceptInsecureCerts: false, browserName: chrome, browserVersion: 79.0.3945.88, chrome: {chromedriverVersion: 78.0.3904.70 (edb9c9f3de024..., userDataDir: C:\Users\c5282967\AppData\L...}, goog:chromeOptions: {debuggerAddress: localhost:62342}, javascriptEnabled: true, networkConnectionEnabled: false, pageLoadStrategy: normal, platform: XP, platformName: XP, proxy: Proxy(), setWindowRect: true, strictFileInteractability: false, timeouts: {implicit: 0, pageLoad: 300000, script: 30000}, unhandledPromptBehavior: dismiss and notify}
Session ID: 3798a5b2c4e6a16e4fe5cb759f04d30c
	at org.openqa.selenium.remote.http.W3CHttpResponseCodec.createException(W3CHttpResponseCodec.java:187)
	at org.openqa.selenium.remote.http.W3CHttpResponseCodec.decode(W3CHttpResponseCodec.java:122)
	at org.openqa.selenium.remote.http.W3CHttpResponseCodec.decode(W3CHttpResponseCodec.java:49)
	at org.openqa.selenium.remote.HttpCommandExecutor.execute(HttpCommandExecutor.java:158)
	at org.openqa.selenium.remote.service.DriverCommandExecutor.execute(DriverCommandExecutor.java:83)
	at org.openqa.selenium.remote.RemoteWebDriver.execute(RemoteWebDriver.java:552)
	at org.openqa.selenium.remote.RemoteWebElement.execute(RemoteWebElement.java:285)
	at org.openqa.selenium.remote.RemoteWebElement.click(RemoteWebElement.java:84)
	at functionalComponent.FunctionalComponents.ClickOperation(FunctionalComponents.java:469)
	at EdgeServices.EBFConfigCreation_AddingCustomPropertiestoGW_EBFDeployedtoGW.AddingCustomPropertiestoGatewayandDeployEBFConfiguration(EBFConfigCreation_AddingCustomPropertiestoGW_EBFDeployedtoGW.java:199)
... Removed 29 stack frames]]>
    </failure>
  </testcase> <!-- AddingCustomPropertiestoGatewayandDeployEBFConfiguration -->
  <testcase name="SensorProfilevalidation" time="143.445" classname="EdgeServices.E2E_Cockpit_EdgeService_TestCase"/>
  <testcase name="@AfterSuite AfterSuite" time="0.0" classname="EdgeServices.BaseTest">
    <ignored/>
  </testcase> <!-- @AfterSuite AfterSuite -->
  <testcase name="@AfterSuite AfterSuite" time="0.0" classname="EdgeServices.BaseTest">
    <ignored/>
  </testcase> <!-- @AfterSuite AfterSuite -->
  <testcase name="@BeforeSuite beforeSuite" time="0.0" classname="EdgeServices.BaseTest">
    <ignored/>
  </testcase> <!-- @BeforeSuite beforeSuite -->
  <testcase name="@BeforeSuite beforeSuite" time="0.0" classname="EdgeServices.BaseTest">
    <ignored/>
  </testcase> <!-- @BeforeSuite beforeSuite -->
</testsuite> <!-- Test -->
