<?xml version="1.0" encoding="UTF-8"?>
<!-- Generated by org.testng.reporters.JUnitReportReporter -->
<testsuite hostname="W-5CG7353LY6" failures="0" tests="4" name="EdgeServices.E2E_Cockpit_EdgeProject_StreamingConfigDeploy_StreamingEdgeConsolevalidation" time="3144.723" errors="1" timestamp="2021-03-15T14:39:33 IST" skipped="0">
  <testcase classname="EdgeServices.E2E_Cockpit_EdgeProject_StreamingConfigDeploy_StreamingEdgeConsolevalidation" name="GetIOTDataRespectiveGatewayID" time="129.231"/>
  <system-out/>
  <testcase classname="EdgeServices.E2E_Cockpit_EdgeProject_StreamingConfigDeploy_StreamingEdgeConsolevalidation" name="ProjectCreation" time="1627.622"/>
  <system-out/>
  <testcase classname="EdgeServices.E2E_Cockpit_EdgeProject_StreamingConfigDeploy_StreamingEdgeConsolevalidation" name="SensorProfilevalidation" time="1022.784">
    <error message="Cannot find elements when the XPath is null." type="java.lang.IllegalArgumentException">
      <![CDATA[java.lang.IllegalArgumentException: Cannot find elements when the XPath is null.
at org.openqa.selenium.By$ByXPath.<init>(By.java:339)
at org.openqa.selenium.By.xpath(By.java:92)
at UtilityComponent.FunctionalComponents.scrollToExact(FunctionalComponents.java:357)
at EdgeServices.E2E_Cockpit_EdgeProject_StreamingConfigDeploy_StreamingEdgeConsolevalidation.SensorProfilevalidation(E2E_Cockpit_EdgeProject_StreamingConfigDeploy_StreamingEdgeConsolevalidation.java:1821)
at java.base/jdk.internal.reflect.NativeMethodAccessorImpl.invoke0(Native Method)
at java.base/jdk.internal.reflect.NativeMethodAccessorImpl.invoke(NativeMethodAccessorImpl.java:64)
at java.base/jdk.internal.reflect.DelegatingMethodAccessorImpl.invoke(DelegatingMethodAccessorImpl.java:43)
at java.base/java.lang.reflect.Method.invoke(Method.java:564)
at org.testng.internal.MethodInvocationHelper.invokeMethod(MethodInvocationHelper.java:132)
at org.testng.internal.TestInvoker.invokeMethod(TestInvoker.java:599)
at org.testng.internal.TestInvoker.invokeTestMethod(TestInvoker.java:174)
at org.testng.internal.MethodRunner.runInSequence(MethodRunner.java:46)
at org.testng.internal.TestInvoker$MethodInvocationAgent.invoke(TestInvoker.java:822)
at org.testng.internal.TestInvoker.invokeTestMethods(TestInvoker.java:147)
at org.testng.internal.TestMethodWorker.invokeTestMethods(TestMethodWorker.java:146)
at org.testng.internal.TestMethodWorker.run(TestMethodWorker.java:128)
at java.base/java.util.ArrayList.forEach(ArrayList.java:1511)
at org.testng.TestRunner.privateRun(TestRunner.java:764)
at org.testng.TestRunner.run(TestRunner.java:585)
at org.testng.SuiteRunner.runTest(SuiteRunner.java:384)
at org.testng.SuiteRunner.runSequentially(SuiteRunner.java:378)
at org.testng.SuiteRunner.privateRun(SuiteRunner.java:337)
at org.testng.SuiteRunner.run(SuiteRunner.java:286)
at org.testng.SuiteRunnerWorker.runSuite(SuiteRunnerWorker.java:53)
at org.testng.SuiteRunnerWorker.run(SuiteRunnerWorker.java:96)
at org.testng.TestNG.runSuitesSequentially(TestNG.java:1218)
at org.testng.TestNG.runSuitesLocally(TestNG.java:1140)
at org.testng.TestNG.runSuites(TestNG.java:1069)
at org.testng.TestNG.run(TestNG.java:1037)
at org.testng.remote.AbstractRemoteTestNG.run(AbstractRemoteTestNG.java:115)
at org.testng.remote.RemoteTestNG.initAndRun(RemoteTestNG.java:251)
at org.testng.remote.RemoteTestNG.main(RemoteTestNG.java:77)
]]>
    </error>
  </testcase> <!-- SensorProfilevalidation -->
  <system-out/>
  <testcase classname="EdgeServices.E2E_Cockpit_EdgeProject_StreamingConfigDeploy_StreamingEdgeConsolevalidation" name="ProjectPublishandDeploymentConfig" time="365.086"/>
  <system-out/>
</testsuite> <!-- EdgeServices.E2E_Cockpit_EdgeProject_StreamingConfigDeploy_StreamingEdgeConsolevalidation -->
